<?xml version="1.0"?>
<testsuites>
  <testsuite name="IE 10.0.0 (Windows 7)" package="" timestamp="2015-02-27T07:32:31" id="0" hostname="janeirui-Mac-mini.local" tests="33" errors="0" failures="0" time="13.088">
    <properties>
      <property name="browser.fullName" value="Mozilla/5.0 (compatible; MSIE 10.0; Windows NT 6.1; Trident/6.0; SLCC2; .NET CLR 2.0.50727; .NET CLR 3.5.30729; .NET CLR 3.0.30729; Media Center PC 6.0)"/>
    </properties>
    <testcase name="define model" time="0.002" classname="IE 10.0.0 (Windows 7).RollData Test"/>
    <testcase name="_initData 데이터 초기화" time="0" classname="IE 10.0.0 (Windows 7).RollData Test"/>
    <testcase name="setData, getData 가변데이터" time="0" classname="IE 10.0.0 (Windows 7).RollData Test"/>
    <testcase name="getNextData, getPrevData, getData 비가변 데이터" time="0.001" classname="IE 10.0.0 (Windows 7).RollData Test"/>
    <testcase name="changeCurrent 순환 비순환 테스트" time="0" classname="IE 10.0.0 (Windows 7).RollData Test"/>
    <testcase name="getDataListLength" time="0.001" classname="IE 10.0.0 (Windows 7).RollData Test"/>
    <testcase name="defined roller" time="0.187" classname="IE 10.0.0 (Windows 7).roller 생성 및 확인"/>
    <testcase name="option.isDrawn : check itemcount" time="0.047" classname="IE 10.0.0 (Windows 7).roller 생성 및 확인"/>
    <testcase name="_setUnitDistance called?" time="0.011" classname="IE 10.0.0 (Windows 7).roller 생성 및 확인"/>
    <testcase name="test move flow (not isDrawn)" time="0.011" classname="IE 10.0.0 (Windows 7).roller 생성 및 확인"/>
    <testcase name="getStartSet 시작점을 구해온다." time="0.019" classname="IE 10.0.0 (Windows 7).roller 생성 및 확인"/>
    <testcase name="_getMoveDistance 이동거리를 구한다." time="0.01" classname="IE 10.0.0 (Windows 7).roller 생성 및 확인"/>
    <testcase name="_moveWithoutMotion" time="0.01" classname="IE 10.0.0 (Windows 7).roller 생성 및 확인"/>
    <testcase name="test move flow (isDrawn)" time="0.007" classname="IE 10.0.0 (Windows 7).roller 생성 및 확인"/>
    <testcase name="Custom Event mixin" time="0.056" classname="IE 10.0.0 (Windows 7).roller 생성 및 확인"/>
    <testcase name="Custom Event test" time="0.009" classname="IE 10.0.0 (Windows 7).roller 생성 및 확인"/>
    <testcase name="changeMotion" time="0.014" classname="IE 10.0.0 (Windows 7).roller 생성 및 확인"/>
    <testcase name="_isLimitPoint" time="0.009" classname="IE 10.0.0 (Windows 7).roller 생성 및 확인"/>
    <testcase name="_checkPagePosition, moveTo" time="0.01" classname="IE 10.0.0 (Windows 7).roller 생성 및 확인"/>
    <testcase name="ne.component.Rolling.Roller.movePanelSet move" time="0.007" classname="IE 10.0.0 (Windows 7).roller 모션 테스트"/>
    <testcase name="ne.component.Rolling.Roller.moveContainerSet move" time="3.527" classname="IE 10.0.0 (Windows 7).roller 모션 테스트"/>
    <testcase name="ne.component.Rolling.Roller motion linear" time="1.032" classname="IE 10.0.0 (Windows 7).roller 모션 테스트"/>
    <testcase name="ne.component.Rolling.Roller motion quad" time="4.024" classname="IE 10.0.0 (Windows 7).roller 모션 테스트"/>
    <testcase name="ne.component.Rolling.Roller motion circ" time="3.998" classname="IE 10.0.0 (Windows 7).roller 모션 테스트"/>
    <testcase name="롤링 생성" time="0.036" classname="IE 10.0.0 (Windows 7).rolling 테스트 생성 및 동작 테스트"/>
    <testcase name="isDrawn 에 따른 모델 존재" time="0.006" classname="IE 10.0.0 (Windows 7).rolling 테스트 생성 및 동작 테스트"/>
    <testcase name="is Defined roller" time="0.01" classname="IE 10.0.0 (Windows 7).rolling 테스트 생성 및 동작 테스트"/>
    <testcase name="roll , 롤링 작동확인 (!isDrwan)" time="0.007" classname="IE 10.0.0 (Windows 7).rolling 테스트 생성 및 동작 테스트"/>
    <testcase name="beforeMove, afterMove 이상 확인" time="0.006" classname="IE 10.0.0 (Windows 7).rolling 테스트 생성 및 동작 테스트"/>
    <testcase name="attach, fire 커스텀 등록/발생 테스트" time="0.01" classname="IE 10.0.0 (Windows 7).rolling 테스트 생성 및 동작 테스트"/>
    <testcase name="moveTo test" time="0.008" classname="IE 10.0.0 (Windows 7).rolling 테스트 생성 및 동작 테스트"/>
    <testcase name="auto And Stop" time="0.007" classname="IE 10.0.0 (Windows 7).rolling 테스트 생성 및 동작 테스트"/>
    <testcase name="roll - not idle" time="0.006" classname="IE 10.0.0 (Windows 7).rolling 테스트 생성 및 동작 테스트"/>
    <system-out><![CDATA[
]]></system-out>
    <system-err/>
  </testsuite>
  <testsuite name="IE 11.0.0 (Windows 7)" package="" timestamp="2015-02-27T07:32:33" id="0" hostname="janeirui-Mac-mini.local" tests="33" errors="0" failures="0" time="13.257">
    <properties>
      <property name="browser.fullName" value="Mozilla/5.0 (Windows NT 6.1; Trident/7.0; SLCC2; .NET CLR 2.0.50727; .NET CLR 3.5.30729; .NET CLR 3.0.30729; Media Center PC 6.0; rv:11.0) like Gecko"/>
    </properties>
    <testcase name="define model" time="0.006" classname="IE 11.0.0 (Windows 7).RollData Test"/>
    <testcase name="_initData 데이터 초기화" time="0.001" classname="IE 11.0.0 (Windows 7).RollData Test"/>
    <testcase name="setData, getData 가변데이터" time="0" classname="IE 11.0.0 (Windows 7).RollData Test"/>
    <testcase name="getNextData, getPrevData, getData 비가변 데이터" time="0" classname="IE 11.0.0 (Windows 7).RollData Test"/>
    <testcase name="changeCurrent 순환 비순환 테스트" time="0.001" classname="IE 11.0.0 (Windows 7).RollData Test"/>
    <testcase name="getDataListLength" time="0" classname="IE 11.0.0 (Windows 7).RollData Test"/>
    <testcase name="defined roller" time="0.183" classname="IE 11.0.0 (Windows 7).roller 생성 및 확인"/>
    <testcase name="option.isDrawn : check itemcount" time="0.04" classname="IE 11.0.0 (Windows 7).roller 생성 및 확인"/>
    <testcase name="_setUnitDistance called?" time="0.014" classname="IE 11.0.0 (Windows 7).roller 생성 및 확인"/>
    <testcase name="test move flow (not isDrawn)" time="0.048" classname="IE 11.0.0 (Windows 7).roller 생성 및 확인"/>
    <testcase name="getStartSet 시작점을 구해온다." time="0.01" classname="IE 11.0.0 (Windows 7).roller 생성 및 확인"/>
    <testcase name="_getMoveDistance 이동거리를 구한다." time="0.04" classname="IE 11.0.0 (Windows 7).roller 생성 및 확인"/>
    <testcase name="_moveWithoutMotion" time="0.04" classname="IE 11.0.0 (Windows 7).roller 생성 및 확인"/>
    <testcase name="test move flow (isDrawn)" time="0.017" classname="IE 11.0.0 (Windows 7).roller 생성 및 확인"/>
    <testcase name="Custom Event mixin" time="0.054" classname="IE 11.0.0 (Windows 7).roller 생성 및 확인"/>
    <testcase name="Custom Event test" time="0.01" classname="IE 11.0.0 (Windows 7).roller 생성 및 확인"/>
    <testcase name="changeMotion" time="0.039" classname="IE 11.0.0 (Windows 7).roller 생성 및 확인"/>
    <testcase name="_isLimitPoint" time="0.015" classname="IE 11.0.0 (Windows 7).roller 생성 및 확인"/>
    <testcase name="_checkPagePosition, moveTo" time="0.085" classname="IE 11.0.0 (Windows 7).roller 생성 및 확인"/>
    <testcase name="ne.component.Rolling.Roller.movePanelSet move" time="0.009" classname="IE 11.0.0 (Windows 7).roller 모션 테스트"/>
    <testcase name="ne.component.Rolling.Roller.moveContainerSet move" time="3.535" classname="IE 11.0.0 (Windows 7).roller 모션 테스트"/>
    <testcase name="ne.component.Rolling.Roller motion linear" time="1.013" classname="IE 11.0.0 (Windows 7).roller 모션 테스트"/>
    <testcase name="ne.component.Rolling.Roller motion quad" time="4.019" classname="IE 11.0.0 (Windows 7).roller 모션 테스트"/>
    <testcase name="ne.component.Rolling.Roller motion circ" time="4.004" classname="IE 11.0.0 (Windows 7).roller 모션 테스트"/>
    <testcase name="롤링 생성" time="0.017" classname="IE 11.0.0 (Windows 7).rolling 테스트 생성 및 동작 테스트"/>
    <testcase name="isDrawn 에 따른 모델 존재" time="0.005" classname="IE 11.0.0 (Windows 7).rolling 테스트 생성 및 동작 테스트"/>
    <testcase name="is Defined roller" time="0.012" classname="IE 11.0.0 (Windows 7).rolling 테스트 생성 및 동작 테스트"/>
    <testcase name="roll , 롤링 작동확인 (!isDrwan)" time="0.006" classname="IE 11.0.0 (Windows 7).rolling 테스트 생성 및 동작 테스트"/>
    <testcase name="beforeMove, afterMove 이상 확인" time="0.009" classname="IE 11.0.0 (Windows 7).rolling 테스트 생성 및 동작 테스트"/>
    <testcase name="attach, fire 커스텀 등록/발생 테스트" time="0.002" classname="IE 11.0.0 (Windows 7).rolling 테스트 생성 및 동작 테스트"/>
    <testcase name="moveTo test" time="0.011" classname="IE 11.0.0 (Windows 7).rolling 테스트 생성 및 동작 테스트"/>
    <testcase name="auto And Stop" time="0.005" classname="IE 11.0.0 (Windows 7).rolling 테스트 생성 및 동작 테스트"/>
    <testcase name="roll - not idle" time="0.007" classname="IE 11.0.0 (Windows 7).rolling 테스트 생성 및 동작 테스트"/>
    <system-out><![CDATA[
]]></system-out>
    <system-err/>
  </testsuite>
  <testsuite name="Firefox 33.0.0 (Windows 7)" package="" timestamp="2015-02-27T07:32:33" id="0" hostname="janeirui-Mac-mini.local" tests="33" errors="0" failures="0" time="12.818">
    <properties>
      <property name="browser.fullName" value="Mozilla/5.0 (Windows NT 6.1; rv:33.0) Gecko/20100101 Firefox/33.0"/>
    </properties>
    <testcase name="define model" time="0.003" classname="Firefox 33.0.0 (Windows 7).RollData Test"/>
    <testcase name="_initData 데이터 초기화" time="0.001" classname="Firefox 33.0.0 (Windows 7).RollData Test"/>
    <testcase name="setData, getData 가변데이터" time="0.001" classname="Firefox 33.0.0 (Windows 7).RollData Test"/>
    <testcase name="getNextData, getPrevData, getData 비가변 데이터" time="0.003" classname="Firefox 33.0.0 (Windows 7).RollData Test"/>
    <testcase name="changeCurrent 순환 비순환 테스트" time="0.001" classname="Firefox 33.0.0 (Windows 7).RollData Test"/>
    <testcase name="getDataListLength" time="0.001" classname="Firefox 33.0.0 (Windows 7).RollData Test"/>
    <testcase name="defined roller" time="0.104" classname="Firefox 33.0.0 (Windows 7).roller 생성 및 확인"/>
    <testcase name="option.isDrawn : check itemcount" time="0.006" classname="Firefox 33.0.0 (Windows 7).roller 생성 및 확인"/>
    <testcase name="_setUnitDistance called?" time="0.006" classname="Firefox 33.0.0 (Windows 7).roller 생성 및 확인"/>
    <testcase name="test move flow (not isDrawn)" time="0.007" classname="Firefox 33.0.0 (Windows 7).roller 생성 및 확인"/>
    <testcase name="getStartSet 시작점을 구해온다." time="0.005" classname="Firefox 33.0.0 (Windows 7).roller 생성 및 확인"/>
    <testcase name="_getMoveDistance 이동거리를 구한다." time="0.009" classname="Firefox 33.0.0 (Windows 7).roller 생성 및 확인"/>
    <testcase name="_moveWithoutMotion" time="0.007" classname="Firefox 33.0.0 (Windows 7).roller 생성 및 확인"/>
    <testcase name="test move flow (isDrawn)" time="0.006" classname="Firefox 33.0.0 (Windows 7).roller 생성 및 확인"/>
    <testcase name="Custom Event mixin" time="0.007" classname="Firefox 33.0.0 (Windows 7).roller 생성 및 확인"/>
    <testcase name="Custom Event test" time="0.007" classname="Firefox 33.0.0 (Windows 7).roller 생성 및 확인"/>
    <testcase name="changeMotion" time="0.005" classname="Firefox 33.0.0 (Windows 7).roller 생성 및 확인"/>
    <testcase name="_isLimitPoint" time="0.006" classname="Firefox 33.0.0 (Windows 7).roller 생성 및 확인"/>
    <testcase name="_checkPagePosition, moveTo" time="0.019" classname="Firefox 33.0.0 (Windows 7).roller 생성 및 확인"/>
    <testcase name="ne.component.Rolling.Roller.movePanelSet move" time="0.007" classname="Firefox 33.0.0 (Windows 7).roller 모션 테스트"/>
    <testcase name="ne.component.Rolling.Roller.moveContainerSet move" time="3.516" classname="Firefox 33.0.0 (Windows 7).roller 모션 테스트"/>
    <testcase name="ne.component.Rolling.Roller motion linear" time="1.01" classname="Firefox 33.0.0 (Windows 7).roller 모션 테스트"/>
    <testcase name="ne.component.Rolling.Roller motion quad" time="4.009" classname="Firefox 33.0.0 (Windows 7).roller 모션 테스트"/>
    <testcase name="ne.component.Rolling.Roller motion circ" time="4.019" classname="Firefox 33.0.0 (Windows 7).roller 모션 테스트"/>
    <testcase name="롤링 생성" time="0.018" classname="Firefox 33.0.0 (Windows 7).rolling 테스트 생성 및 동작 테스트"/>
    <testcase name="isDrawn 에 따른 모델 존재" time="0.005" classname="Firefox 33.0.0 (Windows 7).rolling 테스트 생성 및 동작 테스트"/>
    <testcase name="is Defined roller" time="0.004" classname="Firefox 33.0.0 (Windows 7).rolling 테스트 생성 및 동작 테스트"/>
    <testcase name="roll , 롤링 작동확인 (!isDrwan)" time="0.005" classname="Firefox 33.0.0 (Windows 7).rolling 테스트 생성 및 동작 테스트"/>
    <testcase name="beforeMove, afterMove 이상 확인" time="0.005" classname="Firefox 33.0.0 (Windows 7).rolling 테스트 생성 및 동작 테스트"/>
    <testcase name="attach, fire 커스텀 등록/발생 테스트" time="0.003" classname="Firefox 33.0.0 (Windows 7).rolling 테스트 생성 및 동작 테스트"/>
    <testcase name="moveTo test" time="0.004" classname="Firefox 33.0.0 (Windows 7).rolling 테스트 생성 및 동작 테스트"/>
    <testcase name="auto And Stop" time="0.004" classname="Firefox 33.0.0 (Windows 7).rolling 테스트 생성 및 동작 테스트"/>
    <testcase name="roll - not idle" time="0.005" classname="Firefox 33.0.0 (Windows 7).rolling 테스트 생성 및 동작 테스트"/>
    <system-out><![CDATA[
]]></system-out>
    <system-err/>
  </testsuite>
  <testsuite name="IE 8.0.0 (Windows XP)" package="" timestamp="2015-02-27T07:32:35" id="0" hostname="janeirui-Mac-mini.local" tests="33" errors="0" failures="0" time="12.888">
    <properties>
      <property name="browser.fullName" value="Mozilla/4.0 (compatible; MSIE 8.0; Windows NT 5.1; Trident/4.0)"/>
    </properties>
    <testcase name="define model" time="0" classname="IE 8.0.0 (Windows XP).RollData Test"/>
    <testcase name="_initData 데이터 초기화" time="0" classname="IE 8.0.0 (Windows XP).RollData Test"/>
    <testcase name="setData, getData 가변데이터" time="0" classname="IE 8.0.0 (Windows XP).RollData Test"/>
    <testcase name="getNextData, getPrevData, getData 비가변 데이터" time="0" classname="IE 8.0.0 (Windows XP).RollData Test"/>
    <testcase name="changeCurrent 순환 비순환 테스트" time="0" classname="IE 8.0.0 (Windows XP).RollData Test"/>
    <testcase name="getDataListLength" time="0" classname="IE 8.0.0 (Windows XP).RollData Test"/>
    <testcase name="defined roller" time="0.04" classname="IE 8.0.0 (Windows XP).roller 생성 및 확인"/>
    <testcase name="option.isDrawn : check itemcount" time="0.01" classname="IE 8.0.0 (Windows XP).roller 생성 및 확인"/>
    <testcase name="_setUnitDistance called?" time="0.01" classname="IE 8.0.0 (Windows XP).roller 생성 및 확인"/>
    <testcase name="test move flow (not isDrawn)" time="0.01" classname="IE 8.0.0 (Windows XP).roller 생성 및 확인"/>
    <testcase name="getStartSet 시작점을 구해온다." time="0.01" classname="IE 8.0.0 (Windows XP).roller 생성 및 확인"/>
    <testcase name="_getMoveDistance 이동거리를 구한다." time="0.01" classname="IE 8.0.0 (Windows XP).roller 생성 및 확인"/>
    <testcase name="_moveWithoutMotion" time="0.01" classname="IE 8.0.0 (Windows XP).roller 생성 및 확인"/>
    <testcase name="test move flow (isDrawn)" time="0.01" classname="IE 8.0.0 (Windows XP).roller 생성 및 확인"/>
    <testcase name="Custom Event mixin" time="0.01" classname="IE 8.0.0 (Windows XP).roller 생성 및 확인"/>
    <testcase name="Custom Event test" time="0.01" classname="IE 8.0.0 (Windows XP).roller 생성 및 확인"/>
    <testcase name="changeMotion" time="0.01" classname="IE 8.0.0 (Windows XP).roller 생성 및 확인"/>
    <testcase name="_isLimitPoint" time="0.01" classname="IE 8.0.0 (Windows XP).roller 생성 및 확인"/>
    <testcase name="_checkPagePosition, moveTo" time="0.04" classname="IE 8.0.0 (Windows XP).roller 생성 및 확인"/>
    <testcase name="ne.component.Rolling.Roller.movePanelSet move" time="0.03" classname="IE 8.0.0 (Windows XP).roller 모션 테스트"/>
    <testcase name="ne.component.Rolling.Roller.moveContainerSet move" time="3.515" classname="IE 8.0.0 (Windows XP).roller 모션 테스트"/>
    <testcase name="ne.component.Rolling.Roller motion linear" time="1.012" classname="IE 8.0.0 (Windows XP).roller 모션 테스트"/>
    <testcase name="ne.component.Rolling.Roller motion quad" time="4.015" classname="IE 8.0.0 (Windows XP).roller 모션 테스트"/>
    <testcase name="ne.component.Rolling.Roller motion circ" time="4.016" classname="IE 8.0.0 (Windows XP).roller 모션 테스트"/>
    <testcase name="롤링 생성" time="0.02" classname="IE 8.0.0 (Windows XP).rolling 테스트 생성 및 동작 테스트"/>
    <testcase name="isDrawn 에 따른 모델 존재" time="0.01" classname="IE 8.0.0 (Windows XP).rolling 테스트 생성 및 동작 테스트"/>
    <testcase name="is Defined roller" time="0.01" classname="IE 8.0.0 (Windows XP).rolling 테스트 생성 및 동작 테스트"/>
    <testcase name="roll , 롤링 작동확인 (!isDrwan)" time="0.01" classname="IE 8.0.0 (Windows XP).rolling 테스트 생성 및 동작 테스트"/>
    <testcase name="beforeMove, afterMove 이상 확인" time="0.02" classname="IE 8.0.0 (Windows XP).rolling 테스트 생성 및 동작 테스트"/>
    <testcase name="attach, fire 커스텀 등록/발생 테스트" time="0.01" classname="IE 8.0.0 (Windows XP).rolling 테스트 생성 및 동작 테스트"/>
    <testcase name="moveTo test" time="0.01" classname="IE 8.0.0 (Windows XP).rolling 테스트 생성 및 동작 테스트"/>
    <testcase name="auto And Stop" time="0.01" classname="IE 8.0.0 (Windows XP).rolling 테스트 생성 및 동작 테스트"/>
    <testcase name="roll - not idle" time="0.01" classname="IE 8.0.0 (Windows XP).rolling 테스트 생성 및 동작 테스트"/>
    <system-out><![CDATA[
]]></system-out>
    <system-err/>
  </testsuite>
  <testsuite name="Chrome 40.0.2214 (Windows 7)" package="" timestamp="2015-02-27T07:32:35" id="0" hostname="janeirui-Mac-mini.local" tests="33" errors="0" failures="0" time="12.803">
    <properties>
      <property name="browser.fullName" value="Mozilla/5.0 (Windows NT 6.1) AppleWebKit/537.36 (KHTML, like Gecko) Chrome/40.0.2214.115 Safari/537.36"/>
    </properties>
    <testcase name="define model" time="0.005" classname="Chrome 40.0.2214 (Windows 7).RollData Test"/>
    <testcase name="_initData 데이터 초기화" time="0.001" classname="Chrome 40.0.2214 (Windows 7).RollData Test"/>
    <testcase name="setData, getData 가변데이터" time="0.001" classname="Chrome 40.0.2214 (Windows 7).RollData Test"/>
    <testcase name="getNextData, getPrevData, getData 비가변 데이터" time="0.001" classname="Chrome 40.0.2214 (Windows 7).RollData Test"/>
    <testcase name="changeCurrent 순환 비순환 테스트" time="0" classname="Chrome 40.0.2214 (Windows 7).RollData Test"/>
    <testcase name="getDataListLength" time="0.001" classname="Chrome 40.0.2214 (Windows 7).RollData Test"/>
    <testcase name="defined roller" time="0.099" classname="Chrome 40.0.2214 (Windows 7).roller 생성 및 확인"/>
    <testcase name="option.isDrawn : check itemcount" time="0.007" classname="Chrome 40.0.2214 (Windows 7).roller 생성 및 확인"/>
    <testcase name="_setUnitDistance called?" time="0.006" classname="Chrome 40.0.2214 (Windows 7).roller 생성 및 확인"/>
    <testcase name="test move flow (not isDrawn)" time="0.004" classname="Chrome 40.0.2214 (Windows 7).roller 생성 및 확인"/>
    <testcase name="getStartSet 시작점을 구해온다." time="0.006" classname="Chrome 40.0.2214 (Windows 7).roller 생성 및 확인"/>
    <testcase name="_getMoveDistance 이동거리를 구한다." time="0.005" classname="Chrome 40.0.2214 (Windows 7).roller 생성 및 확인"/>
    <testcase name="_moveWithoutMotion" time="0.004" classname="Chrome 40.0.2214 (Windows 7).roller 생성 및 확인"/>
    <testcase name="test move flow (isDrawn)" time="0.004" classname="Chrome 40.0.2214 (Windows 7).roller 생성 및 확인"/>
    <testcase name="Custom Event mixin" time="0.007" classname="Chrome 40.0.2214 (Windows 7).roller 생성 및 확인"/>
    <testcase name="Custom Event test" time="0.005" classname="Chrome 40.0.2214 (Windows 7).roller 생성 및 확인"/>
    <testcase name="changeMotion" time="0.004" classname="Chrome 40.0.2214 (Windows 7).roller 생성 및 확인"/>
    <testcase name="_isLimitPoint" time="0.004" classname="Chrome 40.0.2214 (Windows 7).roller 생성 및 확인"/>
    <testcase name="_checkPagePosition, moveTo" time="0.018" classname="Chrome 40.0.2214 (Windows 7).roller 생성 및 확인"/>
    <testcase name="ne.component.Rolling.Roller.movePanelSet move" time="0.006" classname="Chrome 40.0.2214 (Windows 7).roller 모션 테스트"/>
    <testcase name="ne.component.Rolling.Roller.moveContainerSet move" time="3.505" classname="Chrome 40.0.2214 (Windows 7).roller 모션 테스트"/>
    <testcase name="ne.component.Rolling.Roller motion linear" time="1.021" classname="Chrome 40.0.2214 (Windows 7).roller 모션 테스트"/>
    <testcase name="ne.component.Rolling.Roller motion quad" time="4.002" classname="Chrome 40.0.2214 (Windows 7).roller 모션 테스트"/>
    <testcase name="ne.component.Rolling.Roller motion circ" time="4.021" classname="Chrome 40.0.2214 (Windows 7).roller 모션 테스트"/>
    <testcase name="롤링 생성" time="0.028" classname="Chrome 40.0.2214 (Windows 7).rolling 테스트 생성 및 동작 테스트"/>
    <testcase name="isDrawn 에 따른 모델 존재" time="0.003" classname="Chrome 40.0.2214 (Windows 7).rolling 테스트 생성 및 동작 테스트"/>
    <testcase name="is Defined roller" time="0.002" classname="Chrome 40.0.2214 (Windows 7).rolling 테스트 생성 및 동작 테스트"/>
    <testcase name="roll , 롤링 작동확인 (!isDrwan)" time="0.001" classname="Chrome 40.0.2214 (Windows 7).rolling 테스트 생성 및 동작 테스트"/>
    <testcase name="beforeMove, afterMove 이상 확인" time="0.003" classname="Chrome 40.0.2214 (Windows 7).rolling 테스트 생성 및 동작 테스트"/>
    <testcase name="attach, fire 커스텀 등록/발생 테스트" time="0.002" classname="Chrome 40.0.2214 (Windows 7).rolling 테스트 생성 및 동작 테스트"/>
    <testcase name="moveTo test" time="0.02" classname="Chrome 40.0.2214 (Windows 7).rolling 테스트 생성 및 동작 테스트"/>
    <testcase name="auto And Stop" time="0.004" classname="Chrome 40.0.2214 (Windows 7).rolling 테스트 생성 및 동작 테스트"/>
    <testcase name="roll - not idle" time="0.003" classname="Chrome 40.0.2214 (Windows 7).rolling 테스트 생성 및 동작 테스트"/>
    <system-out><![CDATA[
]]></system-out>
    <system-err/>
  </testsuite>
  <testsuite name="IE 7.0.0 (Windows XP)" package="" timestamp="2015-02-27T07:32:35" id="0" hostname="janeirui-Mac-mini.local" tests="33" errors="0" failures="0" time="12.878">
    <properties>
      <property name="browser.fullName" value="Mozilla/4.0 (compatible; MSIE 7.0; Windows NT 5.1)"/>
    </properties>
    <testcase name="define model" time="0" classname="IE 7.0.0 (Windows XP).RollData Test"/>
    <testcase name="_initData 데이터 초기화" time="0" classname="IE 7.0.0 (Windows XP).RollData Test"/>
    <testcase name="setData, getData 가변데이터" time="0" classname="IE 7.0.0 (Windows XP).RollData Test"/>
    <testcase name="getNextData, getPrevData, getData 비가변 데이터" time="0" classname="IE 7.0.0 (Windows XP).RollData Test"/>
    <testcase name="changeCurrent 순환 비순환 테스트" time="0.01" classname="IE 7.0.0 (Windows XP).RollData Test"/>
    <testcase name="getDataListLength" time="0" classname="IE 7.0.0 (Windows XP).RollData Test"/>
    <testcase name="defined roller" time="0.05" classname="IE 7.0.0 (Windows XP).roller 생성 및 확인"/>
    <testcase name="option.isDrawn : check itemcount" time="0.01" classname="IE 7.0.0 (Windows XP).roller 생성 및 확인"/>
    <testcase name="_setUnitDistance called?" time="0.01" classname="IE 7.0.0 (Windows XP).roller 생성 및 확인"/>
    <testcase name="test move flow (not isDrawn)" time="0.02" classname="IE 7.0.0 (Windows XP).roller 생성 및 확인"/>
    <testcase name="getStartSet 시작점을 구해온다." time="0.01" classname="IE 7.0.0 (Windows XP).roller 생성 및 확인"/>
    <testcase name="_getMoveDistance 이동거리를 구한다." time="0.02" classname="IE 7.0.0 (Windows XP).roller 생성 및 확인"/>
    <testcase name="_moveWithoutMotion" time="0.01" classname="IE 7.0.0 (Windows XP).roller 생성 및 확인"/>
    <testcase name="test move flow (isDrawn)" time="0.01" classname="IE 7.0.0 (Windows XP).roller 생성 및 확인"/>
    <testcase name="Custom Event mixin" time="0.02" classname="IE 7.0.0 (Windows XP).roller 생성 및 확인"/>
    <testcase name="Custom Event test" time="0.01" classname="IE 7.0.0 (Windows XP).roller 생성 및 확인"/>
    <testcase name="changeMotion" time="0.02" classname="IE 7.0.0 (Windows XP).roller 생성 및 확인"/>
    <testcase name="_isLimitPoint" time="0" classname="IE 7.0.0 (Windows XP).roller 생성 및 확인"/>
    <testcase name="_checkPagePosition, moveTo" time="0.06" classname="IE 7.0.0 (Windows XP).roller 생성 및 확인"/>
    <testcase name="ne.component.Rolling.Roller.movePanelSet move" time="0.01" classname="IE 7.0.0 (Windows XP).roller 모션 테스트"/>
    <testcase name="ne.component.Rolling.Roller.moveContainerSet move" time="3.515" classname="IE 7.0.0 (Windows XP).roller 모션 테스트"/>
    <testcase name="ne.component.Rolling.Roller motion linear" time="1.012" classname="IE 7.0.0 (Windows XP).roller 모션 테스트"/>
    <testcase name="ne.component.Rolling.Roller motion quad" time="4.015" classname="IE 7.0.0 (Windows XP).roller 모션 테스트"/>
    <testcase name="ne.component.Rolling.Roller motion circ" time="4.016" classname="IE 7.0.0 (Windows XP).roller 모션 테스트"/>
    <testcase name="롤링 생성" time="0.01" classname="IE 7.0.0 (Windows XP).rolling 테스트 생성 및 동작 테스트"/>
    <testcase name="isDrawn 에 따른 모델 존재" time="0" classname="IE 7.0.0 (Windows XP).rolling 테스트 생성 및 동작 테스트"/>
    <testcase name="is Defined roller" time="0" classname="IE 7.0.0 (Windows XP).rolling 테스트 생성 및 동작 테스트"/>
    <testcase name="roll , 롤링 작동확인 (!isDrwan)" time="0.02" classname="IE 7.0.0 (Windows XP).rolling 테스트 생성 및 동작 테스트"/>
    <testcase name="beforeMove, afterMove 이상 확인" time="0.01" classname="IE 7.0.0 (Windows XP).rolling 테스트 생성 및 동작 테스트"/>
    <testcase name="attach, fire 커스텀 등록/발생 테스트" time="0" classname="IE 7.0.0 (Windows XP).rolling 테스트 생성 및 동작 테스트"/>
    <testcase name="moveTo test" time="0.01" classname="IE 7.0.0 (Windows XP).rolling 테스트 생성 및 동작 테스트"/>
    <testcase name="auto And Stop" time="0" classname="IE 7.0.0 (Windows XP).rolling 테스트 생성 및 동작 테스트"/>
    <testcase name="roll - not idle" time="0" classname="IE 7.0.0 (Windows XP).rolling 테스트 생성 및 동작 테스트"/>
    <system-out><![CDATA[
]]></system-out>
    <system-err/>
  </testsuite>
  <testsuite name="IE 9.0.0 (Windows 7)" package="" timestamp="2015-02-27T07:32:35" id="0" hostname="janeirui-Mac-mini.local" tests="33" errors="0" failures="0" time="12.817">
    <properties>
      <property name="browser.fullName" value="Mozilla/5.0 (compatible; MSIE 9.0; Windows NT 6.1; Trident/5.0; SLCC2; .NET CLR 2.0.50727; .NET CLR 3.5.30729; .NET CLR 3.0.30729; Media Center PC 6.0)"/>
    </properties>
    <testcase name="define model" time="0.002" classname="IE 9.0.0 (Windows 7).RollData Test"/>
    <testcase name="_initData 데이터 초기화" time="0.001" classname="IE 9.0.0 (Windows 7).RollData Test"/>
    <testcase name="setData, getData 가변데이터" time="0" classname="IE 9.0.0 (Windows 7).RollData Test"/>
    <testcase name="getNextData, getPrevData, getData 비가변 데이터" time="0" classname="IE 9.0.0 (Windows 7).RollData Test"/>
    <testcase name="changeCurrent 순환 비순환 테스트" time="0" classname="IE 9.0.0 (Windows 7).RollData Test"/>
    <testcase name="getDataListLength" time="0" classname="IE 9.0.0 (Windows 7).RollData Test"/>
    <testcase name="defined roller" time="0.033" classname="IE 9.0.0 (Windows 7).roller 생성 및 확인"/>
    <testcase name="option.isDrawn : check itemcount" time="0.007" classname="IE 9.0.0 (Windows 7).roller 생성 및 확인"/>
    <testcase name="_setUnitDistance called?" time="0.009" classname="IE 9.0.0 (Windows 7).roller 생성 및 확인"/>
    <testcase name="test move flow (not isDrawn)" time="0.009" classname="IE 9.0.0 (Windows 7).roller 생성 및 확인"/>
    <testcase name="getStartSet 시작점을 구해온다." time="0.008" classname="IE 9.0.0 (Windows 7).roller 생성 및 확인"/>
    <testcase name="_getMoveDistance 이동거리를 구한다." time="0.022" classname="IE 9.0.0 (Windows 7).roller 생성 및 확인"/>
    <testcase name="_moveWithoutMotion" time="0.007" classname="IE 9.0.0 (Windows 7).roller 생성 및 확인"/>
    <testcase name="test move flow (isDrawn)" time="0.008" classname="IE 9.0.0 (Windows 7).roller 생성 및 확인"/>
    <testcase name="Custom Event mixin" time="0.006" classname="IE 9.0.0 (Windows 7).roller 생성 및 확인"/>
    <testcase name="Custom Event test" time="0.01" classname="IE 9.0.0 (Windows 7).roller 생성 및 확인"/>
    <testcase name="changeMotion" time="0.006" classname="IE 9.0.0 (Windows 7).roller 생성 및 확인"/>
    <testcase name="_isLimitPoint" time="0.006" classname="IE 9.0.0 (Windows 7).roller 생성 및 확인"/>
    <testcase name="_checkPagePosition, moveTo" time="0.028" classname="IE 9.0.0 (Windows 7).roller 생성 및 확인"/>
    <testcase name="ne.component.Rolling.Roller.movePanelSet move" time="0.01" classname="IE 9.0.0 (Windows 7).roller 모션 테스트"/>
    <testcase name="ne.component.Rolling.Roller.moveContainerSet move" time="3.528" classname="IE 9.0.0 (Windows 7).roller 모션 테스트"/>
    <testcase name="ne.component.Rolling.Roller motion linear" time="1.015" classname="IE 9.0.0 (Windows 7).roller 모션 테스트"/>
    <testcase name="ne.component.Rolling.Roller motion quad" time="4.021" classname="IE 9.0.0 (Windows 7).roller 모션 테스트"/>
    <testcase name="ne.component.Rolling.Roller motion circ" time="4" classname="IE 9.0.0 (Windows 7).roller 모션 테스트"/>
    <testcase name="롤링 생성" time="0.017" classname="IE 9.0.0 (Windows 7).rolling 테스트 생성 및 동작 테스트"/>
    <testcase name="isDrawn 에 따른 모델 존재" time="0.011" classname="IE 9.0.0 (Windows 7).rolling 테스트 생성 및 동작 테스트"/>
    <testcase name="is Defined roller" time="0.007" classname="IE 9.0.0 (Windows 7).rolling 테스트 생성 및 동작 테스트"/>
    <testcase name="roll , 롤링 작동확인 (!isDrwan)" time="0.009" classname="IE 9.0.0 (Windows 7).rolling 테스트 생성 및 동작 테스트"/>
    <testcase name="beforeMove, afterMove 이상 확인" time="0.007" classname="IE 9.0.0 (Windows 7).rolling 테스트 생성 및 동작 테스트"/>
    <testcase name="attach, fire 커스텀 등록/발생 테스트" time="0.006" classname="IE 9.0.0 (Windows 7).rolling 테스트 생성 및 동작 테스트"/>
    <testcase name="moveTo test" time="0.008" classname="IE 9.0.0 (Windows 7).rolling 테스트 생성 및 동작 테스트"/>
    <testcase name="auto And Stop" time="0.007" classname="IE 9.0.0 (Windows 7).rolling 테스트 생성 및 동작 테스트"/>
    <testcase name="roll - not idle" time="0.009" classname="IE 9.0.0 (Windows 7).rolling 테스트 생성 및 동작 테스트"/>
    <system-out><![CDATA[
]]></system-out>
    <system-err/>
  </testsuite>
</testsuites>
